{
  "RSpec": {
    "coverage": {
      "/Users/macbook/homework/food_fight/app/helpers/application_helper.rb": [
        1,
        null
      ],
      "/Users/macbook/homework/food_fight/app/helpers/authorizations_helper.rb": [
        1,
        null
      ],
      "/Users/macbook/homework/food_fight/app/helpers/card_assignments_helper.rb": [
        1,
        null
      ],
      "/Users/macbook/homework/food_fight/app/helpers/cards_helper.rb": [
        1,
        null
      ],
      "/Users/macbook/homework/food_fight/app/helpers/users_helper.rb": [
        1,
        null
      ],
      "/Users/macbook/homework/food_fight/app/controllers/api/authorizations_controller.rb": [
        null,
        null,
        1,
        1,
        2,
        2,
        1,
        null,
        1,
        null,
        null,
        null,
        1,
        1,
        1,
        null,
        null
      ],
      "/Users/macbook/homework/food_fight/app/controllers/application_controller.rb": [
        null,
        null,
        1,
        1,
        1,
        1,
        9,
        8,
        8,
        8,
        null,
        null,
        null,
        1,
        5,
        1,
        null,
        null,
        null,
        null
      ],
      "/Users/macbook/homework/food_fight/app/controllers/api/card_assignments_controller.rb": [
        null,
        null,
        1,
        1,
        1,
        1,
        1,
        null,
        null
      ],
      "/Users/macbook/homework/food_fight/app/controllers/api/cards_controller.rb": [
        null,
        null,
        1,
        1,
        1,
        3,
        null,
        3,
        2,
        2,
        null,
        null,
        null,
        1,
        0,
        null,
        null,
        1,
        null,
        null,
        null,
        null,
        1,
        3,
        null,
        null
      ],
      "/Users/macbook/homework/food_fight/app/controllers/api/users_controller.rb": [
        null,
        null,
        1,
        1,
        2,
        2,
        1,
        null,
        1,
        1,
        null,
        null,
        null,
        1,
        2,
        null,
        null
      ],
      "/Users/macbook/homework/food_fight/app/models/card_assignment.rb": [
        null,
        null,
        1,
        1,
        1,
        1,
        null,
        1,
        3,
        null,
        null
      ],
      "/Users/macbook/homework/food_fight/app/models/application_record.rb": [
        1,
        1,
        null
      ],
      "/Users/macbook/homework/food_fight/app/models/card.rb": [
        null,
        null,
        1,
        1,
        1,
        1,
        null,
        1,
        4,
        null,
        null,
        1,
        2,
        2,
        null,
        null
      ],
      "/Users/macbook/homework/food_fight/app/models/nutritionix_api.rb": [
        null,
        null,
        1,
        1,
        3,
        null,
        null,
        null,
        null,
        null,
        null
      ],
      "/Users/macbook/homework/food_fight/app/models/user.rb": [
        null,
        null,
        1,
        1,
        1,
        1,
        1,
        1,
        1,
        1,
        null,
        1,
        2,
        null,
        null,
        1,
        1,
        1,
        null,
        null
      ],
      "/Users/macbook/homework/food_fight/app/models/card_builder.rb": [
        null,
        null,
        1,
        1,
        1,
        3,
        null,
        null,
        1,
        3,
        3,
        1,
        null,
        2,
        2,
        null,
        null,
        null,
        1,
        2,
        2,
        null,
        1,
        null,
        1,
        1,
        null,
        1,
        null,
        null,
        null,
        1,
        null,
        null
      ],
      "/Users/macbook/homework/food_fight/app/models/card_converter.rb": [
        null,
        null,
        1,
        null,
        1,
        null,
        null,
        null,
        null,
        null,
        null,
        null,
        null,
        null,
        null,
        null,
        null,
        null,
        null,
        null,
        1,
        1,
        null,
        null
      ],
      "/Users/macbook/homework/food_fight/app/channels/application_cable/channel.rb": [
        0,
        0,
        0,
        0
      ],
      "/Users/macbook/homework/food_fight/app/channels/application_cable/connection.rb": [
        0,
        0,
        0,
        0
      ],
      "/Users/macbook/homework/food_fight/app/jobs/application_job.rb": [
        0,
        0
      ],
      "/Users/macbook/homework/food_fight/app/mailers/application_mailer.rb": [
        0,
        0,
        0,
        0
      ]
    },
    "timestamp": 1493395599
  }
}
